CRITICAL - 2022-04-20 23:51:00 --> Trying to access array offset on value of type bool
#0 D:\ukk2\app\Views\layout\main.php(76): CodeIgniter\Debug\Exceptions->errorHandler(2, 'Trying to acces...', 'D:\\ukk2\\app\\Vie...', 76)
#1 D:\ukk2\system\View\View.php(210): include('D:\\ukk2\\app\\Vie...')
#2 D:\ukk2\system\View\View.php(213): CodeIgniter\View\View->CodeIgniter\View\{closure}()
#3 D:\ukk2\system\View\View.php(226): CodeIgniter\View\View->render('layout/main', Array, true)
#4 D:\ukk2\system\Common.php(1089): CodeIgniter\View\View->render('catatanperjalan...', Array, true)
#5 D:\ukk2\app\Controllers\Catatanperjalanan.php(13): view('catatanperjalan...', Array)
#6 D:\ukk2\system\CodeIgniter.php(832): App\Controllers\Catatanperjalanan->index()
#7 D:\ukk2\system\CodeIgniter.php(419): CodeIgniter\CodeIgniter->runController(Object(App\Controllers\Catatanperjalanan))
#8 D:\ukk2\system\CodeIgniter.php(326): CodeIgniter\CodeIgniter->handleRequest(NULL, Object(Config\Cache), false)
#9 D:\ukk2\public\index.php(37): CodeIgniter\CodeIgniter->run()
#10 D:\ukk2\system\Commands\Server\rewrite.php(43): require_once('D:\\ukk2\\public\\...')
#11 {main}
CRITICAL - 2022-04-20 23:51:47 --> Unmatched ']'
#0 D:\ukk2\system\View\View.php(213): CodeIgniter\View\View->CodeIgniter\View\{closure}()
#1 D:\ukk2\system\View\View.php(226): CodeIgniter\View\View->render('layout/main', Array, true)
#2 D:\ukk2\system\Common.php(1089): CodeIgniter\View\View->render('catatanperjalan...', Array, true)
#3 D:\ukk2\app\Controllers\Catatanperjalanan.php(13): view('catatanperjalan...', Array)
#4 D:\ukk2\system\CodeIgniter.php(832): App\Controllers\Catatanperjalanan->index()
#5 D:\ukk2\system\CodeIgniter.php(419): CodeIgniter\CodeIgniter->runController(Object(App\Controllers\Catatanperjalanan))
#6 D:\ukk2\system\CodeIgniter.php(326): CodeIgniter\CodeIgniter->handleRequest(NULL, Object(Config\Cache), false)
#7 D:\ukk2\public\index.php(37): CodeIgniter\CodeIgniter->run()
#8 D:\ukk2\system\Commands\Server\rewrite.php(43): require_once('D:\\ukk2\\public\\...')
#9 {main}
CRITICAL - 2022-04-20 23:51:49 --> Unmatched ']'
#0 D:\ukk2\system\View\View.php(213): CodeIgniter\View\View->CodeIgniter\View\{closure}()
#1 D:\ukk2\system\View\View.php(226): CodeIgniter\View\View->render('layout/main', Array, true)
#2 D:\ukk2\system\Common.php(1089): CodeIgniter\View\View->render('catatanperjalan...', Array, true)
#3 D:\ukk2\app\Controllers\Catatanperjalanan.php(13): view('catatanperjalan...', Array)
#4 D:\ukk2\system\CodeIgniter.php(832): App\Controllers\Catatanperjalanan->index()
#5 D:\ukk2\system\CodeIgniter.php(419): CodeIgniter\CodeIgniter->runController(Object(App\Controllers\Catatanperjalanan))
#6 D:\ukk2\system\CodeIgniter.php(326): CodeIgniter\CodeIgniter->handleRequest(NULL, Object(Config\Cache), false)
#7 D:\ukk2\public\index.php(37): CodeIgniter\CodeIgniter->run()
#8 D:\ukk2\system\Commands\Server\rewrite.php(43): require_once('D:\\ukk2\\public\\...')
#9 {main}
CRITICAL - 2022-04-20 23:52:37 --> Trying to access array offset on value of type bool
#0 D:\ukk2\app\Views\layout\main.php(76): CodeIgniter\Debug\Exceptions->errorHandler(2, 'Trying to acces...', 'D:\\ukk2\\app\\Vie...', 76)
#1 D:\ukk2\system\View\View.php(210): include('D:\\ukk2\\app\\Vie...')
#2 D:\ukk2\system\View\View.php(213): CodeIgniter\View\View->CodeIgniter\View\{closure}()
#3 D:\ukk2\system\View\View.php(226): CodeIgniter\View\View->render('layout/main', Array, true)
#4 D:\ukk2\system\Common.php(1089): CodeIgniter\View\View->render('catatanperjalan...', Array, true)
#5 D:\ukk2\app\Controllers\Catatanperjalanan.php(13): view('catatanperjalan...', Array)
#6 D:\ukk2\system\CodeIgniter.php(832): App\Controllers\Catatanperjalanan->index()
#7 D:\ukk2\system\CodeIgniter.php(419): CodeIgniter\CodeIgniter->runController(Object(App\Controllers\Catatanperjalanan))
#8 D:\ukk2\system\CodeIgniter.php(326): CodeIgniter\CodeIgniter->handleRequest(NULL, Object(Config\Cache), false)
#9 D:\ukk2\public\index.php(37): CodeIgniter\CodeIgniter->run()
#10 D:\ukk2\system\Commands\Server\rewrite.php(43): require_once('D:\\ukk2\\public\\...')
#11 {main}
CRITICAL - 2022-04-20 23:52:38 --> Trying to access array offset on value of type bool
#0 D:\ukk2\app\Views\layout\main.php(76): CodeIgniter\Debug\Exceptions->errorHandler(2, 'Trying to acces...', 'D:\\ukk2\\app\\Vie...', 76)
#1 D:\ukk2\system\View\View.php(210): include('D:\\ukk2\\app\\Vie...')
#2 D:\ukk2\system\View\View.php(213): CodeIgniter\View\View->CodeIgniter\View\{closure}()
#3 D:\ukk2\system\View\View.php(226): CodeIgniter\View\View->render('layout/main', Array, true)
#4 D:\ukk2\system\Common.php(1089): CodeIgniter\View\View->render('catatanperjalan...', Array, true)
#5 D:\ukk2\app\Controllers\Catatanperjalanan.php(13): view('catatanperjalan...', Array)
#6 D:\ukk2\system\CodeIgniter.php(832): App\Controllers\Catatanperjalanan->index()
#7 D:\ukk2\system\CodeIgniter.php(419): CodeIgniter\CodeIgniter->runController(Object(App\Controllers\Catatanperjalanan))
#8 D:\ukk2\system\CodeIgniter.php(326): CodeIgniter\CodeIgniter->handleRequest(NULL, Object(Config\Cache), false)
#9 D:\ukk2\public\index.php(37): CodeIgniter\CodeIgniter->run()
#10 D:\ukk2\system\Commands\Server\rewrite.php(43): require_once('D:\\ukk2\\public\\...')
#11 {main}
